Collecting flask
  Using cached flask-3.1.2-py3-none-any.whl.metadata (3.2 kB)
Collecting pycco
  Using cached Pycco-0.6.0-py3-none-any.whl.metadata (530 bytes)
Collecting pandas
  Using cached pandas-2.3.3-cp312-cp312-manylinux_2_24_x86_64.manylinux_2_28_x86_64.whl.metadata (91 kB)
Collecting plotly
  Using cached plotly-6.3.1-py3-none-any.whl.metadata (8.5 kB)
Collecting pytest
  Downloading pytest-8.4.2-py3-none-any.whl.metadata (7.7 kB)
Collecting blinker>=1.9.0 (from flask)
  Using cached blinker-1.9.0-py3-none-any.whl.metadata (1.6 kB)
Collecting click>=8.1.3 (from flask)
  Using cached click-8.3.0-py3-none-any.whl.metadata (2.6 kB)
Collecting itsdangerous>=2.2.0 (from flask)
  Using cached itsdangerous-2.2.0-py3-none-any.whl.metadata (1.9 kB)
Collecting jinja2>=3.1.2 (from flask)
  Using cached jinja2-3.1.6-py3-none-any.whl.metadata (2.9 kB)
Collecting markupsafe>=2.1.1 (from flask)
  Using cached markupsafe-3.0.3-cp312-cp312-manylinux2014_x86_64.manylinux_2_17_x86_64.manylinux_2_28_x86_64.whl.metadata (2.7 kB)
Collecting werkzeug>=3.1.0 (from flask)
  Using cached werkzeug-3.1.3-py3-none-any.whl.metadata (3.7 kB)
Collecting markdown (from pycco)
  Using cached markdown-3.9-py3-none-any.whl.metadata (5.1 kB)
Collecting pygments (from pycco)
  Using cached pygments-2.19.2-py3-none-any.whl.metadata (2.5 kB)
Collecting pystache (from pycco)
  Using cached pystache-0.6.8-py3-none-any.whl.metadata (14 kB)
Collecting smartypants (from pycco)
  Using cached smartypants-2.0.2-py2.py3-none-any.whl.metadata (2.7 kB)
Collecting numpy>=1.26.0 (from pandas)
  Downloading numpy-2.3.4-cp312-cp312-manylinux_2_27_x86_64.manylinux_2_28_x86_64.whl.metadata (62 kB)
Collecting python-dateutil>=2.8.2 (from pandas)
  Using cached python_dateutil-2.9.0.post0-py2.py3-none-any.whl.metadata (8.4 kB)
Collecting pytz>=2020.1 (from pandas)
  Using cached pytz-2025.2-py2.py3-none-any.whl.metadata (22 kB)
Collecting tzdata>=2022.7 (from pandas)
  Using cached tzdata-2025.2-py2.py3-none-any.whl.metadata (1.4 kB)
Collecting narwhals>=1.15.1 (from plotly)
  Downloading narwhals-2.9.0-py3-none-any.whl.metadata (11 kB)
Collecting packaging (from plotly)
  Using cached packaging-25.0-py3-none-any.whl.metadata (3.3 kB)
Collecting iniconfig>=1 (from pytest)
  Downloading iniconfig-2.3.0-py3-none-any.whl.metadata (2.5 kB)
Collecting pluggy<2,>=1.5 (from pytest)
  Downloading pluggy-1.6.0-py3-none-any.whl.metadata (4.8 kB)
Collecting six>=1.5 (from python-dateutil>=2.8.2->pandas)
  Using cached six-1.17.0-py2.py3-none-any.whl.metadata (1.7 kB)
Using cached flask-3.1.2-py3-none-any.whl (103 kB)
Using cached Pycco-0.6.0-py3-none-any.whl (15 kB)
Using cached pandas-2.3.3-cp312-cp312-manylinux_2_24_x86_64.manylinux_2_28_x86_64.whl (12.4 MB)
Using cached plotly-6.3.1-py3-none-any.whl (9.8 MB)
Downloading pytest-8.4.2-py3-none-any.whl (365 kB)
Downloading pluggy-1.6.0-py3-none-any.whl (20 kB)
Using cached blinker-1.9.0-py3-none-any.whl (8.5 kB)
Using cached click-8.3.0-py3-none-any.whl (107 kB)
Downloading iniconfig-2.3.0-py3-none-any.whl (7.5 kB)
Using cached itsdangerous-2.2.0-py3-none-any.whl (16 kB)
Using cached jinja2-3.1.6-py3-none-any.whl (134 kB)
Using cached markupsafe-3.0.3-cp312-cp312-manylinux2014_x86_64.manylinux_2_17_x86_64.manylinux_2_28_x86_64.whl (22 kB)
Downloading narwhals-2.9.0-py3-none-any.whl (422 kB)
Downloading numpy-2.3.4-cp312-cp312-manylinux_2_27_x86_64.manylinux_2_28_x86_64.whl (16.6 MB)
   ━━━━━━━━━━━━━━━━━━━━━━━━━━━━━━━━━━━━━━━━ 16.6/16.6 MB 7.8 MB/s  0:00:02
Using cached packaging-25.0-py3-none-any.whl (66 kB)
Using cached pygments-2.19.2-py3-none-any.whl (1.2 MB)
Using cached python_dateutil-2.9.0.post0-py2.py3-none-any.whl (229 kB)
Using cached pytz-2025.2-py2.py3-none-any.whl (509 kB)
Using cached six-1.17.0-py2.py3-none-any.whl (11 kB)
Using cached tzdata-2025.2-py2.py3-none-any.whl (347 kB)
Using cached werkzeug-3.1.3-py3-none-any.whl (224 kB)
Using cached markdown-3.9-py3-none-any.whl (107 kB)
Using cached pystache-0.6.8-py3-none-any.whl (82 kB)
Using cached smartypants-2.0.2-py2.py3-none-any.whl (10 kB)
Installing collected packages: smartypants, pytz, tzdata, six, pystache, pygments, pluggy, packaging, numpy, narwhals, markupsafe, markdown, itsdangerous, iniconfig, click, blinker, werkzeug, python-dateutil, pytest, pycco, plotly, jinja2, pandas, flask

Successfully installed blinker-1.9.0 click-8.3.0 flask-3.1.2 iniconfig-2.3.0 itsdangerous-2.2.0 jinja2-3.1.6 markdown-3.9 markupsafe-3.0.3 narwhals-2.9.0 numpy-2.3.4 packaging-25.0 pandas-2.3.3 plotly-6.3.1 pluggy-1.6.0 pycco-0.6.0 pygments-2.19.2 pystache-0.6.8 pytest-8.4.2 python-dateutil-2.9.0.post0 pytz-2025.2 six-1.17.0 smartypants-2.0.2 tzdata-2025.2 werkzeug-3.1.3
